  GameplayState.cpp
C:\Users\crisc\Desktop\CodeProjects\GameEngine\Animation.h(12,2): warning C4091: 'typedef ': ignored on left of 'Animation' when no variable is declared
C:\Users\crisc\Desktop\CodeProjects\GameEngine\GameplayState.h(14,2): warning C4091: 'typedef ': ignored on left of 'ViewBounds' when no variable is declared
  Map.cpp
C:\Users\crisc\Desktop\CodeProjects\GameEngine\Animation.h(12,2): warning C4091: 'typedef ': ignored on left of 'Animation' when no variable is declared
  MenuState.cpp
C:\Users\crisc\Desktop\CodeProjects\GameEngine\Animation.h(12,2): warning C4091: 'typedef ': ignored on left of 'Animation' when no variable is declared
C:\Users\crisc\Desktop\CodeProjects\GameEngine\GameplayState.h(14,2): warning C4091: 'typedef ': ignored on left of 'ViewBounds' when no variable is declared
C:\Users\crisc\Desktop\CodeProjects\GameEngine\MenuState.cpp(21,16): warning C4244: 'argument': conversion from 'float' to 'int', possible loss of data
C:\Users\crisc\Desktop\CodeProjects\GameEngine\MenuState.cpp(21,3): warning C4244: 'argument': conversion from 'float' to 'int', possible loss of data
C:\Users\crisc\Desktop\CodeProjects\GameEngine\MenuState.cpp(20,37): warning C4244: 'argument': conversion from 'float' to 'int', possible loss of data
C:\Users\crisc\Desktop\CodeProjects\GameEngine\MenuState.cpp(23,20): warning C4244: 'argument': conversion from 'float' to 'int', possible loss of data
C:\Users\crisc\Desktop\CodeProjects\GameEngine\MenuState.cpp(23,15): warning C4244: 'argument': conversion from 'float' to 'int', possible loss of data
C:\Users\crisc\Desktop\CodeProjects\GameEngine\MenuState.cpp(22,43): warning C4244: 'argument': conversion from 'float' to 'int', possible loss of data
  ProcGen.cpp
C:\Users\crisc\Desktop\CodeProjects\GameEngine\Animation.h(12,2): warning C4091: 'typedef ': ignored on left of 'Animation' when no variable is declared
C:\Users\crisc\Desktop\CodeProjects\GameEngine\ProcGen.cpp(60,60): warning C4244: 'argument': conversion from 'int' to 'T', possible loss of data
          with
          [
              T=float
          ]
C:\Users\crisc\Desktop\CodeProjects\GameEngine\ProcGen.cpp(60,47): warning C4244: 'argument': conversion from 'int' to 'T', possible loss of data
          with
          [
              T=float
          ]
  Tile.cpp
C:\Users\crisc\Desktop\CodeProjects\GameEngine\Animation.h(12,2): warning C4091: 'typedef ': ignored on left of 'Animation' when no variable is declared
C:\Users\crisc\Desktop\CodeProjects\GameEngine\Tile.cpp(24,42): warning C4244: '+=': conversion from 'float' to 'sf::Int64', possible loss of data
C:\Users\crisc\Desktop\CodeProjects\GameEngine\Tile.cpp(26,25): error C2065: 'fps': undeclared identifier
C:\Users\crisc\Desktop\CodeProjects\GameEngine\Tile.cpp(26,31): error C2065: 'frame': undeclared identifier
C:\Users\crisc\Desktop\CodeProjects\GameEngine\Tile.cpp(27,1): error C2059: syntax error: '}'
